# JRE version: OpenJDK Runtime Environment Temurin-24.0.2+12 (24.0.2+12) (build 24.0.2+12)
# Java VM: OpenJDK 64-Bit Server VM Temurin-24.0.2+12 (24.0.2+12, mixed mode, sharing, tiered, compressed oops, compressed class ptrs, g1 gc, bsd-aarch64)
Heap:
 garbage-first heap   total reserved 4194304K, committed 264192K, used 43414K [0x0000000700000000, 0x0000000800000000)
  region size 2048K, 20 young (40960K), 1 survivors (2048K)
 Metaspace       used 12588K, committed 12864K, reserved 1114112K
  class space    used 1105K, committed 1216K, reserved 1048576K
GC Heap History (20 events):
Event: 1274.652 GC heap before
{Heap before GC invocations=18 (full 0):
 garbage-first heap   total reserved 4194304K, committed 264192K, used 158055K [0x0000000700000000, 0x0000000800000000)
  region size 2048K, 76 young (155648K), 1 survivors (2048K)
 Metaspace       used 12575K, committed 12864K, reserved 1114112K
  class space    used 1105K, committed 1216K, reserved 1048576K
}
Event: 1274.654 GC heap after
{Heap after GC invocations=19 (full 0):
 garbage-first heap   total reserved 4194304K, committed 264192K, used 4478K [0x0000000700000000, 0x0000000800000000)
  region size 2048K, 1 young (2048K), 1 survivors (2048K)
 Metaspace       used 12575K, committed 12864K, reserved 1114112K
  class space    used 1105K, committed 1216K, reserved 1048576K
}
Event: 1357.985 GC heap before
{Heap before GC invocations=19 (full 0):
 garbage-first heap   total reserved 4194304K, committed 264192K, used 158078K [0x0000000700000000, 0x0000000800000000)
  region size 2048K, 76 young (155648K), 1 survivors (2048K)
 Metaspace       used 12576K, committed 12864K, reserved 1114112K
  class space    used 1105K, committed 1216K, reserved 1048576K
}
Event: 1357.987 GC heap after
{Heap after GC invocations=20 (full 0):
 garbage-first heap   total reserved 4194304K, committed 264192K, used 4474K [0x0000000700000000, 0x0000000800000000)
  region size 2048K, 1 young (2048K), 1 survivors (2048K)
 Metaspace       used 12576K, committed 12864K, reserved 1114112K
  class space    used 1105K, committed 1216K, reserved 1048576K
}
Event: 1437.035 GC heap before
{Heap before GC invocations=20 (full 0):
 garbage-first heap   total reserved 4194304K, committed 264192K, used 158074K [0x0000000700000000, 0x0000000800000000)
  region size 2048K, 76 young (155648K), 1 survivors (2048K)
 Metaspace       used 12576K, committed 12864K, reserved 1114112K
  class space    used 1105K, committed 1216K, reserved 1048576K
}
Event: 1437.036 GC heap after
{Heap after GC invocations=21 (full 0):
 garbage-first heap   total reserved 4194304K, committed 264192K, used 4472K [0x0000000700000000, 0x0000000800000000)
  region size 2048K, 1 young (2048K), 1 survivors (2048K)
 Metaspace       used 12576K, committed 12864K, reserved 1114112K
  class space    used 1105K, committed 1216K, reserved 1048576K
}
Event: 1516.018 GC heap before
{Heap before GC invocations=21 (full 0):
 garbage-first heap   total reserved 4194304K, committed 264192K, used 158072K [0x0000000700000000, 0x0000000800000000)
  region size 2048K, 76 young (155648K), 1 survivors (2048K)
 Metaspace       used 12582K, committed 12864K, reserved 1114112K
  class space    used 1105K, committed 1216K, reserved 1048576K
}
Event: 1516.019 GC heap after
{Heap after GC invocations=22 (full 0):
 garbage-first heap   total reserved 4194304K, committed 264192K, used 4488K [0x0000000700000000, 0x0000000800000000)
  region size 2048K, 1 young (2048K), 1 survivors (2048K)
 Metaspace       used 12582K, committed 12864K, reserved 1114112K
  class space    used 1105K, committed 1216K, reserved 1048576K
}
Event: 1595.052 GC heap before
{Heap before GC invocations=22 (full 0):
 garbage-first heap   total reserved 4194304K, committed 264192K, used 158088K [0x0000000700000000, 0x0000000800000000)
  region size 2048K, 76 young (155648K), 1 survivors (2048K)
 Metaspace       used 12584K, committed 12864K, reserved 1114112K
  class space    used 1105K, committed 1216K, reserved 1048576K
}
Event: 1595.053 GC heap after
{Heap after GC invocations=23 (full 0):
 garbage-first heap   total reserved 4194304K, committed 264192K, used 4482K [0x0000000700000000, 0x0000000800000000)
  region size 2048K, 1 young (2048K), 1 survivors (2048K)
 Metaspace       used 12584K, committed 12864K, reserved 1114112K
  class space    used 1105K, committed 1216K, reserved 1048576K
}
Event: 1674.085 GC heap before
{Heap before GC invocations=23 (full 0):
 garbage-first heap   total reserved 4194304K, committed 264192K, used 158082K [0x0000000700000000, 0x0000000800000000)
  region size 2048K, 76 young (155648K), 1 survivors (2048K)
 Metaspace       used 12585K, committed 12864K, reserved 1114112K
  class space    used 1105K, committed 1216K, reserved 1048576K
}
Event: 1674.086 GC heap after
{Heap after GC invocations=24 (full 0):
 garbage-first heap   total reserved 4194304K, committed 264192K, used 4482K [0x0000000700000000, 0x0000000800000000)
  region size 2048K, 1 young (2048K), 1 survivors (2048K)
 Metaspace       used 12585K, committed 12864K, reserved 1114112K
  class space    used 1105K, committed 1216K, reserved 1048576K
}
Event: 1753.118 GC heap before
{Heap before GC invocations=24 (full 0):
 garbage-first heap   total reserved 4194304K, committed 264192K, used 158082K [0x0000000700000000, 0x0000000800000000)
  region size 2048K, 76 young (155648K), 1 survivors (2048K)
 Metaspace       used 12585K, committed 12864K, reserved 1114112K
  class space    used 1105K, committed 1216K, reserved 1048576K
}
Event: 1753.119 GC heap after
{Heap after GC invocations=25 (full 0):
 garbage-first heap   total reserved 4194304K, committed 264192K, used 4498K [0x0000000700000000, 0x0000000800000000)
  region size 2048K, 1 young (2048K), 1 survivors (2048K)
 Metaspace       used 12585K, committed 12864K, reserved 1114112K
  class space    used 1105K, committed 1216K, reserved 1048576K
}
Event: 1832.135 GC heap before
{Heap before GC invocations=25 (full 0):
 garbage-first heap   total reserved 4194304K, committed 264192K, used 158098K [0x0000000700000000, 0x0000000800000000)
  region size 2048K, 76 young (155648K), 1 survivors (2048K)
 Metaspace       used 12588K, committed 12864K, reserved 1114112K
  class space    used 1105K, committed 1216K, reserved 1048576K
}
Event: 1832.136 GC heap after
{Heap after GC invocations=26 (full 0):
 garbage-first heap   total reserved 4194304K, committed 264192K, used 4494K [0x0000000700000000, 0x0000000800000000)
  region size 2048K, 1 young (2048K), 1 survivors (2048K)
 Metaspace       used 12588K, committed 12864K, reserved 1114112K
  class space    used 1105K, committed 1216K, reserved 1048576K
}
Event: 1921.318 GC heap before
{Heap before GC invocations=26 (full 0):
 garbage-first heap   total reserved 4194304K, committed 264192K, used 158094K [0x0000000700000000, 0x0000000800000000)
  region size 2048K, 76 young (155648K), 1 survivors (2048K)
 Metaspace       used 12588K, committed 12864K, reserved 1114112K
  class space    used 1105K, committed 1216K, reserved 1048576K
}
Event: 1921.320 GC heap after
{Heap after GC invocations=27 (full 0):
 garbage-first heap   total reserved 4194304K, committed 264192K, used 4482K [0x0000000700000000, 0x0000000800000000)
  region size 2048K, 1 young (2048K), 1 survivors (2048K)
 Metaspace       used 12588K, committed 12864K, reserved 1114112K
  class space    used 1105K, committed 1216K, reserved 1048576K
}
Event: 2002.218 GC heap before
{Heap before GC invocations=27 (full 0):
 garbage-first heap   total reserved 4194304K, committed 264192K, used 158082K [0x0000000700000000, 0x0000000800000000)
  region size 2048K, 76 young (155648K), 1 survivors (2048K)
 Metaspace       used 12588K, committed 12864K, reserved 1114112K
  class space    used 1105K, committed 1216K, reserved 1048576K
}
Event: 2002.221 GC heap after
{Heap after GC invocations=28 (full 0):
 garbage-first heap   total reserved 4194304K, committed 264192K, used 4502K [0x0000000700000000, 0x0000000800000000)
  region size 2048K, 1 young (2048K), 1 survivors (2048K)
 Metaspace       used 12588K, committed 12864K, reserved 1114112K
  class space    used 1105K, committed 1216K, reserved 1048576K
}

